<?xml version="1.0" encoding="UTF-8"?>
<testng-results ignored="0" total="1" passed="1" failed="0" skipped="0">
  <reporter-output>
  </reporter-output>
  <suite started-at="2022-06-11T09:07:00 IST" name="Surefire suite" finished-at="2022-06-11T09:07:16 IST" duration-ms="15472">
    <groups>
    </groups>
    <test started-at="2022-06-11T09:07:00 IST" name="Surefire test" finished-at="2022-06-11T09:07:16 IST" duration-ms="15472">
      <class name="tests.MyTest">
        <test-method is-config="true" signature="startDriver()[pri:0, instance:tests.MyTest@61799544]" started-at="2022-06-11T09:07:00 IST" name="startDriver" finished-at="2022-06-11T09:07:04 IST" duration-ms="3115" status="PASS">
          <reporter-output>
          </reporter-output>
        </test-method> <!-- startDriver -->
        <test-method signature="firstTest()[pri:0, instance:tests.MyTest@61799544]" started-at="2022-06-11T09:07:04 IST" name="firstTest" finished-at="2022-06-11T09:07:15 IST" duration-ms="11509" status="PASS">
          <reporter-output>
          </reporter-output>
        </test-method> <!-- firstTest -->
        <test-method is-config="true" signature="quitDriver()[pri:0, instance:tests.MyTest@61799544]" started-at="2022-06-11T09:07:15 IST" name="quitDriver" finished-at="2022-06-11T09:07:16 IST" duration-ms="654" status="PASS">
          <reporter-output>
          </reporter-output>
        </test-method> <!-- quitDriver -->
      </class> <!-- tests.MyTest -->
    </test> <!-- Surefire test -->
  </suite> <!-- Surefire suite -->
</testng-results>
