<?xml version="1.0" encoding="UTF-8"?>
<testng-results ignored="0" total="2" passed="2" failed="0" skipped="0">
  <reporter-output>
  </reporter-output>
  <suite started-at="2022-06-12T13:24:53 IST" name="Default suite" finished-at="2022-06-12T13:25:26 IST" duration-ms="33626">
    <groups>
    </groups>
    <test started-at="2022-06-12T13:24:53 IST" name="Default test" finished-at="2022-06-12T13:25:26 IST" duration-ms="33626">
      <class name="tests.MyTest">
        <test-method is-config="true" signature="startDriver()[pri:0, instance:tests.MyTest@4f82663e]" started-at="2022-06-12T13:24:53 IST" name="startDriver" finished-at="2022-06-12T13:24:57 IST" duration-ms="3756" status="PASS">
          <reporter-output>
          </reporter-output>
        </test-method> <!-- startDriver -->
        <test-method signature="firstTest()[pri:0, instance:tests.MyTest@4f82663e]" started-at="2022-06-12T13:24:57 IST" name="firstTest" finished-at="2022-06-12T13:25:10 IST" duration-ms="12901" status="PASS">
          <reporter-output>
          </reporter-output>
        </test-method> <!-- firstTest -->
        <test-method is-config="true" signature="quitDriver()[pri:0, instance:tests.MyTest@4f82663e]" started-at="2022-06-12T13:25:10 IST" name="quitDriver" finished-at="2022-06-12T13:25:10 IST" duration-ms="632" status="PASS">
          <reporter-output>
          </reporter-output>
        </test-method> <!-- quitDriver -->
        <test-method is-config="true" signature="startDriver()[pri:0, instance:tests.MyTest@4f82663e]" started-at="2022-06-12T13:25:10 IST" name="startDriver" finished-at="2022-06-12T13:25:12 IST" duration-ms="2175" status="PASS">
          <reporter-output>
          </reporter-output>
        </test-method> <!-- startDriver -->
        <test-method signature="secondTest()[pri:0, instance:tests.MyTest@4f82663e]" started-at="2022-06-12T13:25:12 IST" name="secondTest" finished-at="2022-06-12T13:25:26 IST" duration-ms="13195" status="PASS">
          <reporter-output>
          </reporter-output>
        </test-method> <!-- secondTest -->
        <test-method is-config="true" signature="quitDriver()[pri:0, instance:tests.MyTest@4f82663e]" started-at="2022-06-12T13:25:26 IST" name="quitDriver" finished-at="2022-06-12T13:25:26 IST" duration-ms="640" status="PASS">
          <reporter-output>
          </reporter-output>
        </test-method> <!-- quitDriver -->
      </class> <!-- tests.MyTest -->
    </test> <!-- Default test -->
  </suite> <!-- Default suite -->
</testng-results>
